TN:
SF:src/models/index.js
FN:20,(anonymous_0)
FN:21,(anonymous_1)
FN:26,(anonymous_2)
FNF:3
FNH:3
FNDA:2,(anonymous_0)
FNDA:1,(anonymous_1)
FNDA:1,(anonymous_2)
DA:1,1
DA:2,1
DA:3,1
DA:4,1
DA:6,1
DA:7,1
DA:8,1
DA:9,1
DA:12,1
DA:13,0
DA:15,1
DA:18,1
DA:20,2
DA:22,1
DA:23,1
DA:26,1
DA:27,1
DA:28,0
DA:32,1
DA:33,1
DA:35,1
LF:21
LH:19
BRDA:7,0,0,1
BRDA:7,0,1,0
BRDA:12,1,0,0
BRDA:12,1,1,1
BRDA:20,2,0,2
BRDA:20,2,1,2
BRDA:20,2,2,1
BRDA:27,3,0,0
BRDA:27,3,1,1
BRF:9
BRH:6
end_of_record
TN:
SF:src/models/user.js
FN:1,(anonymous_0)
FNF:1
FNH:1
FNDA:1,(anonymous_0)
DA:1,1
DA:11,1
LF:2
LH:2
BRF:0
BRH:0
end_of_record
TN:
SF:src/services/service.user.js
FN:4,(anonymous_0)
FN:19,(anonymous_1)
FNF:2
FNH:2
FNDA:4,(anonymous_0)
FNDA:2,(anonymous_1)
DA:1,1
DA:2,1
DA:4,1
DA:5,4
DA:8,4
DA:9,2
DA:16,2
DA:19,1
DA:22,2
DA:23,2
DA:24,2
DA:25,2
DA:26,1
DA:34,1
DA:35,1
DA:38,1
LF:16
LH:16
BRDA:8,0,0,2
BRDA:8,0,1,2
BRDA:25,1,0,1
BRDA:25,1,1,1
BRF:4
BRH:4
end_of_record
